<?xml version="1.0" encoding="UTF-8"?>
<testng-results ignored="0" total="10" passed="10" failed="0" skipped="0">
  <reporter-output>
  </reporter-output>
  <suite started-at="2024-07-22T00:41:35 PKT" name="Suite" finished-at="2024-07-22T00:44:27 PKT" duration-ms="171474">
    <groups>
      <group name="cucumber">
        <method signature="AbstractTestNGCucumberTests.runScenario(io.cucumber.testng.PickleWrapper,io.cucumber.testng.FeatureWrapper)[pri:0, instance:com.example.runner.CucumberRunnerTests@6392827e]" name="runScenario" class="io.cucumber.testng.AbstractTestNGCucumberTests"/>
      </group> <!-- cucumber -->
    </groups>
    <test started-at="2024-07-22T00:41:35 PKT" name="Cucumber with TestNG Test" finished-at="2024-07-22T00:44:27 PKT" duration-ms="171474">
      <class name="com.example.runner.CucumberRunnerTests">
        <test-method is-config="true" signature="setUpClass(org.testng.ITestContext)[pri:0, instance:com.example.runner.CucumberRunnerTests@6392827e]" started-at="2024-07-22T00:41:35 PKT" name="setUpClass" finished-at="2024-07-22T00:41:36 PKT" duration-ms="204" status="PASS">
          <params>
            <param index="0">
              <value>
                <![CDATA[org.testng.TestRunner@354a4790]]>
              </value>
            </param>
          </params>
          <reporter-output>
          </reporter-output>
        </test-method> <!-- setUpClass -->
        <test-method signature="runScenario(io.cucumber.testng.PickleWrapper,io.cucumber.testng.FeatureWrapper)[pri:0, instance:com.example.runner.CucumberRunnerTests@6392827e]" started-at="2024-07-22T00:41:36 PKT" name="runScenario" description="Runs Cucumber Scenarios" data-provider="scenarios" finished-at="2024-07-22T00:42:07 PKT" duration-ms="31164" status="PASS">
          <params>
            <param index="0">
              <value>
                <![CDATA["User signs up for GitLab Free Trial"]]>
              </value>
            </param>
            <param index="1">
              <value>
                <![CDATA["Sign up for GitLab Free Trial"]]>
              </value>
            </param>
          </params>
          <reporter-output>
          </reporter-output>
        </test-method> <!-- runScenario -->
        <test-method signature="runScenario(io.cucumber.testng.PickleWrapper,io.cucumber.testng.FeatureWrapper)[pri:0, instance:com.example.runner.CucumberRunnerTests@6392827e]" started-at="2024-07-22T00:42:07 PKT" name="runScenario" description="Runs Cucumber Scenarios" data-provider="scenarios" finished-at="2024-07-22T00:42:20 PKT" duration-ms="13401" status="PASS">
          <params>
            <param index="0">
              <value>
                <![CDATA["Signup with empty First Name"]]>
              </value>
            </param>
            <param index="1">
              <value>
                <![CDATA["Sign up for GitLab Free Trial"]]>
              </value>
            </param>
          </params>
          <reporter-output>
          </reporter-output>
        </test-method> <!-- runScenario -->
        <test-method signature="runScenario(io.cucumber.testng.PickleWrapper,io.cucumber.testng.FeatureWrapper)[pri:0, instance:com.example.runner.CucumberRunnerTests@6392827e]" started-at="2024-07-22T00:42:20 PKT" name="runScenario" description="Runs Cucumber Scenarios" data-provider="scenarios" finished-at="2024-07-22T00:42:37 PKT" duration-ms="16207" status="PASS">
          <params>
            <param index="0">
              <value>
                <![CDATA["Signup with empty Last Name"]]>
              </value>
            </param>
            <param index="1">
              <value>
                <![CDATA["Sign up for GitLab Free Trial"]]>
              </value>
            </param>
          </params>
          <reporter-output>
          </reporter-output>
        </test-method> <!-- runScenario -->
        <test-method signature="runScenario(io.cucumber.testng.PickleWrapper,io.cucumber.testng.FeatureWrapper)[pri:0, instance:com.example.runner.CucumberRunnerTests@6392827e]" started-at="2024-07-22T00:42:37 PKT" name="runScenario" description="Runs Cucumber Scenarios" data-provider="scenarios" finished-at="2024-07-22T00:42:51 PKT" duration-ms="14759" status="PASS">
          <params>
            <param index="0">
              <value>
                <![CDATA["Signup with empty User Name"]]>
              </value>
            </param>
            <param index="1">
              <value>
                <![CDATA["Sign up for GitLab Free Trial"]]>
              </value>
            </param>
          </params>
          <reporter-output>
          </reporter-output>
        </test-method> <!-- runScenario -->
        <test-method signature="runScenario(io.cucumber.testng.PickleWrapper,io.cucumber.testng.FeatureWrapper)[pri:0, instance:com.example.runner.CucumberRunnerTests@6392827e]" started-at="2024-07-22T00:42:51 PKT" name="runScenario" description="Runs Cucumber Scenarios" data-provider="scenarios" finished-at="2024-07-22T00:43:04 PKT" duration-ms="12777" status="PASS">
          <params>
            <param index="0">
              <value>
                <![CDATA["Signup with empty Email"]]>
              </value>
            </param>
            <param index="1">
              <value>
                <![CDATA["Sign up for GitLab Free Trial"]]>
              </value>
            </param>
          </params>
          <reporter-output>
          </reporter-output>
        </test-method> <!-- runScenario -->
        <test-method signature="runScenario(io.cucumber.testng.PickleWrapper,io.cucumber.testng.FeatureWrapper)[pri:0, instance:com.example.runner.CucumberRunnerTests@6392827e]" started-at="2024-07-22T00:43:04 PKT" name="runScenario" description="Runs Cucumber Scenarios" data-provider="scenarios" finished-at="2024-07-22T00:43:25 PKT" duration-ms="20723" status="PASS">
          <params>
            <param index="0">
              <value>
                <![CDATA["Signup with empty Password"]]>
              </value>
            </param>
            <param index="1">
              <value>
                <![CDATA["Sign up for GitLab Free Trial"]]>
              </value>
            </param>
          </params>
          <reporter-output>
          </reporter-output>
        </test-method> <!-- runScenario -->
        <test-method signature="runScenario(io.cucumber.testng.PickleWrapper,io.cucumber.testng.FeatureWrapper)[pri:0, instance:com.example.runner.CucumberRunnerTests@6392827e]" started-at="2024-07-22T00:43:25 PKT" name="runScenario" description="Runs Cucumber Scenarios" data-provider="scenarios" finished-at="2024-07-22T00:43:45 PKT" duration-ms="19736" status="PASS">
          <params>
            <param index="0">
              <value>
                <![CDATA["Signup with Invalid Email Format"]]>
              </value>
            </param>
            <param index="1">
              <value>
                <![CDATA["Sign up for GitLab Free Trial"]]>
              </value>
            </param>
          </params>
          <reporter-output>
          </reporter-output>
        </test-method> <!-- runScenario -->
        <test-method signature="runScenario(io.cucumber.testng.PickleWrapper,io.cucumber.testng.FeatureWrapper)[pri:0, instance:com.example.runner.CucumberRunnerTests@6392827e]" started-at="2024-07-22T00:43:45 PKT" name="runScenario" description="Runs Cucumber Scenarios" data-provider="scenarios" finished-at="2024-07-22T00:43:59 PKT" duration-ms="14596" status="PASS">
          <params>
            <param index="0">
              <value>
                <![CDATA["Signup with weak <password>"]]>
              </value>
            </param>
            <param index="1">
              <value>
                <![CDATA["Sign up for GitLab Free Trial"]]>
              </value>
            </param>
          </params>
          <reporter-output>
          </reporter-output>
        </test-method> <!-- runScenario -->
        <test-method signature="runScenario(io.cucumber.testng.PickleWrapper,io.cucumber.testng.FeatureWrapper)[pri:0, instance:com.example.runner.CucumberRunnerTests@6392827e]" started-at="2024-07-22T00:43:59 PKT" name="runScenario" description="Runs Cucumber Scenarios" data-provider="scenarios" finished-at="2024-07-22T00:44:14 PKT" duration-ms="14708" status="PASS">
          <params>
            <param index="0">
              <value>
                <![CDATA["Signup with duplicate email"]]>
              </value>
            </param>
            <param index="1">
              <value>
                <![CDATA["Sign up for GitLab Free Trial"]]>
              </value>
            </param>
          </params>
          <reporter-output>
          </reporter-output>
        </test-method> <!-- runScenario -->
        <test-method signature="runScenario(io.cucumber.testng.PickleWrapper,io.cucumber.testng.FeatureWrapper)[pri:0, instance:com.example.runner.CucumberRunnerTests@6392827e]" started-at="2024-07-22T00:44:14 PKT" name="runScenario" description="Runs Cucumber Scenarios" data-provider="scenarios" finished-at="2024-07-22T00:44:27 PKT" duration-ms="13092" status="PASS">
          <params>
            <param index="0">
              <value>
                <![CDATA["Signup with Existing User name"]]>
              </value>
            </param>
            <param index="1">
              <value>
                <![CDATA["Sign up for GitLab Free Trial"]]>
              </value>
            </param>
          </params>
          <reporter-output>
          </reporter-output>
        </test-method> <!-- runScenario -->
        <test-method is-config="true" signature="tearDownClass()[pri:0, instance:com.example.runner.CucumberRunnerTests@6392827e]" started-at="2024-07-22T00:44:27 PKT" name="tearDownClass" finished-at="2024-07-22T00:44:27 PKT" duration-ms="28" status="PASS">
          <reporter-output>
          </reporter-output>
        </test-method> <!-- tearDownClass -->
      </class> <!-- com.example.runner.CucumberRunnerTests -->
    </test> <!-- Cucumber with TestNG Test -->
  </suite> <!-- Suite -->
</testng-results>
