<?xml version="1.0" encoding="UTF-8"?>
<testng-results ignored="0" total="9" passed="9" failed="0" skipped="0">
  <reporter-output>
  </reporter-output>
  <suite started-at="2024-07-19T00:48:21 PKT" name="Suite" finished-at="2024-07-19T00:51:15 PKT" duration-ms="173726">
    <groups>
      <group name="cucumber">
        <method signature="AbstractTestNGCucumberTests.runScenario(io.cucumber.testng.PickleWrapper,io.cucumber.testng.FeatureWrapper)[pri:0, instance:com.example.runner.CucumberRunnerTests@6392827e]" name="runScenario" class="io.cucumber.testng.AbstractTestNGCucumberTests"/>
      </group> <!-- cucumber -->
    </groups>
    <test started-at="2024-07-19T00:48:21 PKT" name="Cucumber with TestNG Test" finished-at="2024-07-19T00:51:15 PKT" duration-ms="173726">
      <class name="com.example.runner.CucumberRunnerTests">
        <test-method is-config="true" signature="setUpClass(org.testng.ITestContext)[pri:0, instance:com.example.runner.CucumberRunnerTests@6392827e]" started-at="2024-07-19T00:48:21 PKT" name="setUpClass" finished-at="2024-07-19T00:48:21 PKT" duration-ms="200" status="PASS">
          <params>
            <param index="0">
              <value>
                <![CDATA[org.testng.TestRunner@211448be]]>
              </value>
            </param>
          </params>
          <reporter-output>
          </reporter-output>
        </test-method> <!-- setUpClass -->
        <test-method signature="runScenario(io.cucumber.testng.PickleWrapper,io.cucumber.testng.FeatureWrapper)[pri:0, instance:com.example.runner.CucumberRunnerTests@6392827e]" started-at="2024-07-19T00:48:21 PKT" name="runScenario" description="Runs Cucumber Scenarios" data-provider="scenarios" finished-at="2024-07-19T00:48:49 PKT" duration-ms="28059" status="PASS">
          <params>
            <param index="0">
              <value>
                <![CDATA["User signs up for GitLab Free Trial"]]>
              </value>
            </param>
            <param index="1">
              <value>
                <![CDATA["Sign up for GitLab Free Trial"]]>
              </value>
            </param>
          </params>
          <reporter-output>
          </reporter-output>
        </test-method> <!-- runScenario -->
        <test-method signature="runScenario(io.cucumber.testng.PickleWrapper,io.cucumber.testng.FeatureWrapper)[pri:0, instance:com.example.runner.CucumberRunnerTests@6392827e]" started-at="2024-07-19T00:48:49 PKT" name="runScenario" description="Runs Cucumber Scenarios" data-provider="scenarios" finished-at="2024-07-19T00:49:20 PKT" duration-ms="30334" status="PASS">
          <params>
            <param index="0">
              <value>
                <![CDATA["Signup with empty First Name"]]>
              </value>
            </param>
            <param index="1">
              <value>
                <![CDATA["Sign up for GitLab Free Trial"]]>
              </value>
            </param>
          </params>
          <reporter-output>
          </reporter-output>
        </test-method> <!-- runScenario -->
        <test-method signature="runScenario(io.cucumber.testng.PickleWrapper,io.cucumber.testng.FeatureWrapper)[pri:0, instance:com.example.runner.CucumberRunnerTests@6392827e]" started-at="2024-07-19T00:49:20 PKT" name="runScenario" description="Runs Cucumber Scenarios" data-provider="scenarios" finished-at="2024-07-19T00:49:42 PKT" duration-ms="22685" status="PASS">
          <params>
            <param index="0">
              <value>
                <![CDATA["Signup with empty Last Name"]]>
              </value>
            </param>
            <param index="1">
              <value>
                <![CDATA["Sign up for GitLab Free Trial"]]>
              </value>
            </param>
          </params>
          <reporter-output>
          </reporter-output>
        </test-method> <!-- runScenario -->
        <test-method signature="runScenario(io.cucumber.testng.PickleWrapper,io.cucumber.testng.FeatureWrapper)[pri:0, instance:com.example.runner.CucumberRunnerTests@6392827e]" started-at="2024-07-19T00:49:42 PKT" name="runScenario" description="Runs Cucumber Scenarios" data-provider="scenarios" finished-at="2024-07-19T00:49:59 PKT" duration-ms="16208" status="PASS">
          <params>
            <param index="0">
              <value>
                <![CDATA["Signup with empty User Name"]]>
              </value>
            </param>
            <param index="1">
              <value>
                <![CDATA["Sign up for GitLab Free Trial"]]>
              </value>
            </param>
          </params>
          <reporter-output>
          </reporter-output>
        </test-method> <!-- runScenario -->
        <test-method signature="runScenario(io.cucumber.testng.PickleWrapper,io.cucumber.testng.FeatureWrapper)[pri:0, instance:com.example.runner.CucumberRunnerTests@6392827e]" started-at="2024-07-19T00:49:59 PKT" name="runScenario" description="Runs Cucumber Scenarios" data-provider="scenarios" finished-at="2024-07-19T00:50:22 PKT" duration-ms="23697" status="PASS">
          <params>
            <param index="0">
              <value>
                <![CDATA["Signup with empty Email"]]>
              </value>
            </param>
            <param index="1">
              <value>
                <![CDATA["Sign up for GitLab Free Trial"]]>
              </value>
            </param>
          </params>
          <reporter-output>
          </reporter-output>
        </test-method> <!-- runScenario -->
        <test-method signature="runScenario(io.cucumber.testng.PickleWrapper,io.cucumber.testng.FeatureWrapper)[pri:0, instance:com.example.runner.CucumberRunnerTests@6392827e]" started-at="2024-07-19T00:50:22 PKT" name="runScenario" description="Runs Cucumber Scenarios" data-provider="scenarios" finished-at="2024-07-19T00:50:38 PKT" duration-ms="15267" status="PASS">
          <params>
            <param index="0">
              <value>
                <![CDATA["Signup with empty Password"]]>
              </value>
            </param>
            <param index="1">
              <value>
                <![CDATA["Sign up for GitLab Free Trial"]]>
              </value>
            </param>
          </params>
          <reporter-output>
          </reporter-output>
        </test-method> <!-- runScenario -->
        <test-method signature="runScenario(io.cucumber.testng.PickleWrapper,io.cucumber.testng.FeatureWrapper)[pri:0, instance:com.example.runner.CucumberRunnerTests@6392827e]" started-at="2024-07-19T00:50:38 PKT" name="runScenario" description="Runs Cucumber Scenarios" data-provider="scenarios" finished-at="2024-07-19T00:50:50 PKT" duration-ms="12046" status="PASS">
          <params>
            <param index="0">
              <value>
                <![CDATA["Signup with empty <field>"]]>
              </value>
            </param>
            <param index="1">
              <value>
                <![CDATA["Sign up for GitLab Free Trial"]]>
              </value>
            </param>
          </params>
          <reporter-output>
          </reporter-output>
        </test-method> <!-- runScenario -->
        <test-method signature="runScenario(io.cucumber.testng.PickleWrapper,io.cucumber.testng.FeatureWrapper)[pri:0, instance:com.example.runner.CucumberRunnerTests@6392827e]" started-at="2024-07-19T00:50:50 PKT" name="runScenario" description="Runs Cucumber Scenarios" data-provider="scenarios" finished-at="2024-07-19T00:51:03 PKT" duration-ms="13220" status="PASS">
          <params>
            <param index="0">
              <value>
                <![CDATA["Signup with weak <password>"]]>
              </value>
            </param>
            <param index="1">
              <value>
                <![CDATA["Sign up for GitLab Free Trial"]]>
              </value>
            </param>
          </params>
          <reporter-output>
          </reporter-output>
        </test-method> <!-- runScenario -->
        <test-method signature="runScenario(io.cucumber.testng.PickleWrapper,io.cucumber.testng.FeatureWrapper)[pri:0, instance:com.example.runner.CucumberRunnerTests@6392827e]" started-at="2024-07-19T00:51:03 PKT" name="runScenario" description="Runs Cucumber Scenarios" data-provider="scenarios" finished-at="2024-07-19T00:51:15 PKT" duration-ms="11936" status="PASS">
          <params>
            <param index="0">
              <value>
                <![CDATA["Signup with duplicate email"]]>
              </value>
            </param>
            <param index="1">
              <value>
                <![CDATA["Sign up for GitLab Free Trial"]]>
              </value>
            </param>
          </params>
          <reporter-output>
          </reporter-output>
        </test-method> <!-- runScenario -->
        <test-method is-config="true" signature="tearDownClass()[pri:0, instance:com.example.runner.CucumberRunnerTests@6392827e]" started-at="2024-07-19T00:51:15 PKT" name="tearDownClass" finished-at="2024-07-19T00:51:15 PKT" duration-ms="19" status="PASS">
          <reporter-output>
          </reporter-output>
        </test-method> <!-- tearDownClass -->
      </class> <!-- com.example.runner.CucumberRunnerTests -->
    </test> <!-- Cucumber with TestNG Test -->
  </suite> <!-- Suite -->
</testng-results>
